<?xml version="1.0" encoding="UTF-8"?>
<!-- Generated by org.testng.reporters.JUnitReportReporter -->
<testsuite hostname="SRINIVAS-PC" failures="0" tests="1" name="testNg.org.CrossBrowserTesting" time="2.574" errors="0" timestamp="20 Jul 2021 15:40:31 GMT" skipped="0">
  <testcase classname="testNg.org.CrossBrowserTesting" name="tc0" time="2.574"/>
</testsuite> <!-- testNg.org.CrossBrowserTesting -->
