<?xml version="1.0" encoding="UTF-8"?>
<!-- Generated by org.testng.reporters.JUnitReportReporter -->
<testsuite hostname="SRINIVAS-PC" failures="0" tests="4" name="testNg.org.GroupsConcept" time="0.018" errors="0" timestamp="16 Jul 2021 15:42:12 GMT" skipped="0">
  <testcase classname="testNg.org.GroupsConcept" name="tc04" time="0.002"/>
  <testcase classname="testNg.org.GroupsConcept" name="tc05" time="0.002"/>
  <testcase classname="testNg.org.GroupsConcept" name="tc01" time="0.012"/>
  <testcase classname="testNg.org.GroupsConcept" name="tc02" time="0.002"/>
</testsuite> <!-- testNg.org.GroupsConcept -->
