<?xml version="1.0" encoding="UTF-8"?>
<!-- Generated by org.testng.reporters.JUnitReportReporter -->
<testsuite hostname="SRINIVAS-PC" failures="0" tests="1" name="testNg.org.SampleTestNG" time="0.021" errors="0" timestamp="07 Jul 2021 16:01:39 GMT" skipped="0">
  <testcase classname="testNg.org.SampleTestNG" name="testme" time="0.021"/>
</testsuite> <!-- testNg.org.SampleTestNG -->
