<?xml version="1.0" encoding="UTF-8"?>
<!-- Generated by org.testng.reporters.JUnitReportReporter -->
<testsuite hostname="SRINIVAS-PC" failures="0" tests="4" name="testNg.org.ParellelExcution" time="0.091" errors="0" timestamp="19 Jul 2021 15:24:06 GMT" skipped="0">
  <testcase classname="testNg.org.ParellelExcution" name="tc1" time="0.022"/>
  <testcase classname="testNg.org.ParellelExcution" name="tc2" time="0.019"/>
  <testcase classname="testNg.org.ParellelExcution" name="tc3" time="0.029"/>
  <testcase classname="testNg.org.ParellelExcution" name="tc0" time="0.021"/>
</testsuite> <!-- testNg.org.ParellelExcution -->
