<?xml version="1.0" encoding="UTF-8"?>
<!-- Generated by org.testng.reporters.JUnitReportReporter -->
<testsuite hostname="SRINIVAS-PC" failures="0" tests="4" name="testNg.org.ParellelExcution2" time="0.063" errors="0" timestamp="19 Jul 2021 15:24:06 GMT" skipped="0">
  <testcase classname="testNg.org.ParellelExcution2" name="tc13" time="0.008"/>
  <testcase classname="testNg.org.ParellelExcution2" name="tc10" time="0.023"/>
  <testcase classname="testNg.org.ParellelExcution2" name="tc12" time="0.009"/>
  <testcase classname="testNg.org.ParellelExcution2" name="tc11" time="0.023"/>
</testsuite> <!-- testNg.org.ParellelExcution2 -->
