<?xml version="1.0" encoding="UTF-8"?>
<!-- Generated by org.testng.reporters.JUnitReportReporter -->
<testsuite hostname="SRINIVAS-PC" failures="0" tests="4" name="testNg.org.ParellelExcution3" time="0.023" errors="0" timestamp="19 Jul 2021 15:24:06 GMT" skipped="0">
  <testcase classname="testNg.org.ParellelExcution3" name="tc31" time="0.002"/>
  <testcase classname="testNg.org.ParellelExcution3" name="tc32" time="0.002"/>
  <testcase classname="testNg.org.ParellelExcution3" name="tc33" time="0.013"/>
  <testcase classname="testNg.org.ParellelExcution3" name="tc30" time="0.006"/>
</testsuite> <!-- testNg.org.ParellelExcution3 -->
